<?xml version="1.0" encoding="UTF-8"?>
<!-- Generated by org.testng.reporters.JUnitReportReporter -->
<testsuite hostname="LAPTOP-CJRNS43V" failures="0" tests="1" name="ui.LoginTest" time="0.021" errors="0" timestamp="2022-12-01T22:34:58 SAST" skipped="0">
  <testcase classname="ui.LoginTest" name="loginTest" time="0.021"/>
  <system-out/>
</testsuite> <!-- ui.LoginTest -->
