<?xml version="1.0" encoding="UTF-8"?>
<!-- Generated by org.testng.reporters.JUnitReportReporter -->
<testsuite hostname="LAPTOP-CJRNS43V" failures="0" tests="4" name="ui.GroupsDemoTest" time="0.030" errors="0" timestamp="2022-12-04T11:40:58 SAST" skipped="0">
  <testcase classname="ui.GroupsDemoTest" name="test1" time="0.009"/>
  <system-out/>
  <testcase classname="ui.GroupsDemoTest" name="test2" time="0.004"/>
  <system-out/>
  <testcase classname="ui.GroupsDemoTest" name="test3" time="0.011"/>
  <system-out/>
  <testcase classname="ui.GroupsDemoTest" name="test4" time="0.006"/>
  <system-out/>
</testsuite> <!-- ui.GroupsDemoTest -->
