<?xml version="1.0" encoding="UTF-8"?>
<!-- Generated by org.testng.reporters.JUnitReportReporter -->
<testsuite hostname="LAPTOP-CJRNS43V" failures="0" tests="8" name="ui.GroupsDemoTest2" time="0.048" errors="0" timestamp="2022-12-05T18:23:57 SAST" skipped="0">
  <testcase classname="ui.GroupsDemoTest2" name="test1" time="0.015"/>
  <system-out/>
  <testcase classname="ui.GroupsDemoTest2" name="test1" time="0.005"/>
  <system-out/>
  <testcase classname="ui.GroupsDemoTest2" name="test2" time="0.008"/>
  <system-out/>
  <testcase classname="ui.GroupsDemoTest2" name="test2" time="0.005"/>
  <system-out/>
  <testcase classname="ui.GroupsDemoTest2" name="test3" time="0.006"/>
  <system-out/>
  <testcase classname="ui.GroupsDemoTest2" name="test3" time="0.002"/>
  <system-out/>
  <testcase classname="ui.GroupsDemoTest2" name="test4" time="0.003"/>
  <system-out/>
  <testcase classname="ui.GroupsDemoTest2" name="test4" time="0.004"/>
  <system-out/>
</testsuite> <!-- ui.GroupsDemoTest2 -->
