<?xml version="1.0" encoding="UTF-8"?>
<!-- Generated by org.testng.reporters.JUnitReportReporter -->
<testsuite hostname="LAPTOP-CJRNS43V" failures="0" tests="7" name="ui.DataProviderDemoTest" time="0.055" errors="0" timestamp="2022-12-06T03:19:08 SAST" skipped="0">
  <testcase classname="ui.DataProviderDemoTest" name="test2" time="0.006"/>
  <system-out/>
  <testcase classname="ui.DataProviderDemoTest" name="test" time="0.013"/>
  <system-out/>
  <testcase classname="ui.DataProviderDemoTest" name="test" time="0.006"/>
  <system-out/>
  <testcase classname="ui.DataProviderDemoTest" name="test2" time="0.003"/>
  <system-out/>
  <testcase classname="ui.DataProviderDemoTest" name="test" time="0.004"/>
  <system-out/>
  <testcase classname="ui.DataProviderDemoTest" name="test" time="0.016"/>
  <system-out/>
  <testcase classname="ui.DataProviderDemoTest" name="test2" time="0.007"/>
  <system-out/>
</testsuite> <!-- ui.DataProviderDemoTest -->
