<?xml version="1.0" encoding="UTF-8"?>
<!-- Generated by org.testng.reporters.JUnitReportReporter -->
<testsuite hostname="LAPTOP-CJRNS43V" failures="0" tests="4" name="ui.GroupsDemoTest2" time="0.029" errors="0" timestamp="2022-12-05T17:38:48 SAST" skipped="0">
  <testcase classname="ui.GroupsDemoTest2" name="test1" time="0.008"/>
  <system-out/>
  <testcase classname="ui.GroupsDemoTest2" name="test2" time="0.009"/>
  <system-out/>
  <testcase classname="ui.GroupsDemoTest2" name="test4" time="0.009"/>
  <system-out/>
  <testcase classname="ui.GroupsDemoTest2" name="test3" time="0.003"/>
  <system-out/>
</testsuite> <!-- ui.GroupsDemoTest2 -->
