<?xml version="1.0" encoding="UTF-8"?>
<!-- Generated by org.testng.reporters.JUnitReportReporter -->
<testsuite hostname="LAPTOP-CJRNS43V" failures="0" tests="2" name="ui.LoginTest" time="0.028" errors="0" timestamp="2022-12-05T18:23:57 SAST" skipped="0">
  <testcase classname="ui.LoginTest" name="test1" time="0.018"/>
  <system-out/>
  <testcase classname="ui.LoginTest" name="test2" time="0.010"/>
  <system-out/>
</testsuite> <!-- ui.LoginTest -->
