<?xml version="1.0" encoding="UTF-8"?>
<!-- Generated by org.testng.reporters.JUnitReportReporter -->
<testsuite hostname="LAPTOP-CJRNS43V" failures="0" tests="2" name="ui.GroupsDemoTest" time="0.035" errors="0" timestamp="2022-12-03T14:38:03 SAST" skipped="0">
  <testcase classname="ui.GroupsDemoTest" name="test4" time="0.015"/>
  <system-out/>
  <testcase classname="ui.GroupsDemoTest" name="test3" time="0.020"/>
  <system-out/>
</testsuite> <!-- ui.GroupsDemoTest -->
