<?xml version="1.0" encoding="UTF-8"?>
<!-- Generated by org.testng.reporters.JUnitReportReporter -->
<testsuite hostname="LAPTOP-CJRNS43V" failures="0" tests="2" name="ui.LoginTest" time="0.041" errors="0" timestamp="2022-12-02T17:06:58 SAST" skipped="0">
  <testcase classname="ui.LoginTest" name="loginTest" time="0.033"/>
  <system-out/>
  <testcase classname="ui.LoginTest" name="logoutTest" time="0.008"/>
  <system-out/>
</testsuite> <!-- ui.LoginTest -->
