<?xml version="1.0" encoding="UTF-8"?>
<!-- Generated by org.testng.reporters.JUnitReportReporter -->
<testsuite hostname="LAPTOP-CJRNS43V" failures="0" tests="1" name="ui.LoginTest" time="0.024" errors="0" timestamp="2022-12-04T07:21:57 SAST" skipped="0">
  <testcase classname="ui.LoginTest" name="test1" time="0.024"/>
  <system-out/>
</testsuite> <!-- ui.LoginTest -->
