<?xml version="1.0" encoding="UTF-8"?>
<!-- Generated by org.testng.reporters.JUnitReportReporter -->
<testsuite hostname="LAPTOP-CJRNS43V" failures="0" tests="2" name="ui.LoginTest" time="0.029" errors="0" timestamp="2022-12-02T19:19:39 SAST" skipped="0">
  <testcase classname="ui.LoginTest" name="test1" time="0.016"/>
  <system-out/>
  <testcase classname="ui.LoginTest" name="test2" time="0.013"/>
  <system-out/>
</testsuite> <!-- ui.LoginTest -->
